<?xml version="1.0" encoding="UTF-8"?>
<!-- Generated by org.testng.reporters.JUnitXMLReporter -->
<testsuite ignored="0" hostname="DESKTOP-346RFLV" failures="0" tests="7" name="BankingApp Test" time="85.276" errors="0" timestamp="2022-10-14T12:14:05 EDT">
  <testcase classname="com.inetbanking.testcases.TC_loginTest_001" name="loginTest" time="3.231"/>
  <testcase classname="com.inetbanking.testcases.TC_LoginDDT_002" name="loginDDT" time="9.33"/>
  <testcase classname="com.inetbanking.testcases.TC_LoginDDT_002" name="loginDDT" time="4.312"/>
  <testcase classname="com.inetbanking.testcases.TC_LoginDDT_002" name="loginDDT" time="5.25"/>
  <testcase classname="com.inetbanking.testcases.TC_LoginDDT_002" name="loginDDT" time="10.166"/>
  <testcase classname="com.inetbanking.testcases.TC_LoginDDT_002" name="loginDDT" time="4.906"/>
  <testcase classname="com.inetbanking.testcases.TC_AddNewCustomerTest_003" name="addNewCustomer" time="19.533"/>
</testsuite> <!-- BankingApp Test -->
