<?xml version="1.0" encoding="UTF-8"?>
<testng-results ignored="0" total="7" passed="7" failed="0" skipped="0">
  <reporter-output>
  </reporter-output>
  <suite started-at="2022-10-14T12:12:39 EDT" name="InetBnakingV1" finished-at="2022-10-14T12:14:04 EDT" duration-ms="85276">
    <groups>
    </groups>
    <test started-at="2022-10-14T12:12:39 EDT" name="BankingApp Test" finished-at="2022-10-14T12:14:04 EDT" duration-ms="85276">
      <class name="com.inetbanking.testcases.TC_LoginDDT_002">
        <test-method is-config="true" signature="setup(java.lang.String)[pri:0, instance:com.inetbanking.testcases.TC_LoginDDT_002@68ead359]" started-at="2022-10-14T12:12:52 EDT" name="setup" finished-at="2022-10-14T12:12:58 EDT" duration-ms="5719" status="PASS">
          <params>
            <param index="0">
              <value>
                <![CDATA[chrome]]>
              </value>
            </param>
          </params>
          <reporter-output>
          </reporter-output>
        </test-method> <!-- setup -->
        <test-method signature="loginDDT(java.lang.String,java.lang.String)[pri:0, instance:com.inetbanking.testcases.TC_LoginDDT_002@68ead359]" started-at="2022-10-14T12:13:02 EDT" name="loginDDT" data-provider="LoginData" finished-at="2022-10-14T12:13:11 EDT" duration-ms="9330" status="PASS">
          <params>
            <param index="0">
              <value>
                <![CDATA[mngr444679]]>
              </value>
            </param>
            <param index="1">
              <value>
                <![CDATA[savudes]]>
              </value>
            </param>
          </params>
          <reporter-output>
          </reporter-output>
        </test-method> <!-- loginDDT -->
        <test-method signature="loginDDT(java.lang.String,java.lang.String)[pri:0, instance:com.inetbanking.testcases.TC_LoginDDT_002@68ead359]" started-at="2022-10-14T12:13:11 EDT" name="loginDDT" data-provider="LoginData" finished-at="2022-10-14T12:13:15 EDT" duration-ms="4312" status="PASS">
          <params>
            <param index="0">
              <value>
                <![CDATA[mngr83640]]>
              </value>
            </param>
            <param index="1">
              <value>
                <![CDATA[qAbUzyj]]>
              </value>
            </param>
          </params>
          <reporter-output>
          </reporter-output>
        </test-method> <!-- loginDDT -->
        <test-method signature="loginDDT(java.lang.String,java.lang.String)[pri:0, instance:com.inetbanking.testcases.TC_LoginDDT_002@68ead359]" started-at="2022-10-14T12:13:15 EDT" name="loginDDT" data-provider="LoginData" finished-at="2022-10-14T12:13:21 EDT" duration-ms="5250" status="PASS">
          <params>
            <param index="0">
              <value>
                <![CDATA[mngr137319]]>
              </value>
            </param>
            <param index="1">
              <value>
                <![CDATA[bAdYvyb]]>
              </value>
            </param>
          </params>
          <reporter-output>
          </reporter-output>
        </test-method> <!-- loginDDT -->
        <test-method signature="loginDDT(java.lang.String,java.lang.String)[pri:0, instance:com.inetbanking.testcases.TC_LoginDDT_002@68ead359]" started-at="2022-10-14T12:13:21 EDT" name="loginDDT" data-provider="LoginData" finished-at="2022-10-14T12:13:31 EDT" duration-ms="10166" status="PASS">
          <params>
            <param index="0">
              <value>
                <![CDATA[mngr444679]]>
              </value>
            </param>
            <param index="1">
              <value>
                <![CDATA[savudes]]>
              </value>
            </param>
          </params>
          <reporter-output>
          </reporter-output>
        </test-method> <!-- loginDDT -->
        <test-method signature="loginDDT(java.lang.String,java.lang.String)[pri:0, instance:com.inetbanking.testcases.TC_LoginDDT_002@68ead359]" started-at="2022-10-14T12:13:31 EDT" name="loginDDT" data-provider="LoginData" finished-at="2022-10-14T12:13:36 EDT" duration-ms="4906" status="PASS">
          <params>
            <param index="0">
              <value>
                <![CDATA[mngr112909]]>
              </value>
            </param>
            <param index="1">
              <value>
                <![CDATA[tytUreg]]>
              </value>
            </param>
          </params>
          <reporter-output>
          </reporter-output>
        </test-method> <!-- loginDDT -->
        <test-method is-config="true" signature="tearDown()[pri:0, instance:com.inetbanking.testcases.TC_LoginDDT_002@68ead359]" started-at="2022-10-14T12:13:36 EDT" name="tearDown" finished-at="2022-10-14T12:13:36 EDT" duration-ms="566" status="PASS">
          <reporter-output>
          </reporter-output>
        </test-method> <!-- tearDown -->
      </class> <!-- com.inetbanking.testcases.TC_LoginDDT_002 -->
      <class name="com.inetbanking.testcases.TC_AddNewCustomerTest_003">
        <test-method is-config="true" signature="setup(java.lang.String)[pri:0, instance:com.inetbanking.testcases.TC_AddNewCustomerTest_003@180da663]" started-at="2022-10-14T12:13:36 EDT" name="setup" finished-at="2022-10-14T12:13:44 EDT" duration-ms="7766" status="PASS">
          <params>
            <param index="0">
              <value>
                <![CDATA[chrome]]>
              </value>
            </param>
          </params>
          <reporter-output>
          </reporter-output>
        </test-method> <!-- setup -->
        <test-method signature="addNewCustomer()[pri:0, instance:com.inetbanking.testcases.TC_AddNewCustomerTest_003@180da663]" started-at="2022-10-14T12:13:44 EDT" name="addNewCustomer" finished-at="2022-10-14T12:14:04 EDT" duration-ms="19533" status="PASS">
          <reporter-output>
          </reporter-output>
        </test-method> <!-- addNewCustomer -->
        <test-method is-config="true" signature="tearDown()[pri:0, instance:com.inetbanking.testcases.TC_AddNewCustomerTest_003@180da663]" started-at="2022-10-14T12:14:04 EDT" name="tearDown" finished-at="2022-10-14T12:14:04 EDT" duration-ms="584" status="PASS">
          <reporter-output>
          </reporter-output>
        </test-method> <!-- tearDown -->
      </class> <!-- com.inetbanking.testcases.TC_AddNewCustomerTest_003 -->
      <class name="com.inetbanking.testcases.TC_loginTest_001">
        <test-method is-config="true" signature="setup(java.lang.String)[pri:0, instance:com.inetbanking.testcases.TC_loginTest_001@44040454]" started-at="2022-10-14T12:12:39 EDT" name="setup" finished-at="2022-10-14T12:12:48 EDT" duration-ms="8960" status="PASS">
          <params>
            <param index="0">
              <value>
                <![CDATA[chrome]]>
              </value>
            </param>
          </params>
          <reporter-output>
          </reporter-output>
        </test-method> <!-- setup -->
        <test-method signature="loginTest()[pri:0, instance:com.inetbanking.testcases.TC_loginTest_001@44040454]" started-at="2022-10-14T12:12:48 EDT" name="loginTest" finished-at="2022-10-14T12:12:52 EDT" duration-ms="3231" status="PASS">
          <reporter-output>
          </reporter-output>
        </test-method> <!-- loginTest -->
        <test-method is-config="true" signature="tearDown()[pri:0, instance:com.inetbanking.testcases.TC_loginTest_001@44040454]" started-at="2022-10-14T12:12:52 EDT" name="tearDown" finished-at="2022-10-14T12:12:52 EDT" duration-ms="401" status="PASS">
          <reporter-output>
          </reporter-output>
        </test-method> <!-- tearDown -->
      </class> <!-- com.inetbanking.testcases.TC_loginTest_001 -->
    </test> <!-- BankingApp Test -->
  </suite> <!-- InetBnakingV1 -->
</testng-results>
